<?xml version="1.0" encoding="UTF-8"?>
<!-- Generated by org.testng.reporters.JUnitReportReporter -->
<testsuite hostname="DESKTOP-AV67S5S" failures="0" tests="1" name="JupiterScripts.ErrorValidator" time="25.703" errors="0" timestamp="2023-10-09T18:05:08 IST" skipped="0">
  <testcase classname="JupiterScripts.ErrorValidator" name="scenario1" time="25.703"/>
</testsuite> <!-- JupiterScripts.ErrorValidator -->
